<?xml version="1.0" encoding="UTF-8"?>
<testng-results ignored="0" total="2" passed="2" failed="0" skipped="0">
  <reporter-output>
  </reporter-output>
  <suite started-at="2024-04-21T23:04:58 CEST" name="Smoky" finished-at="2024-04-21T23:05:11 CEST" duration-ms="12460">
    <groups>
    </groups>
    <test started-at="2024-04-21T23:04:58 CEST" name="Smoky" finished-at="2024-04-21T23:05:11 CEST" duration-ms="12460">
      <class name="com.herokuapp.tests.MultipleWindowsTest">
        <test-method is-config="true" signature="init()[pri:0, instance:com.herokuapp.tests.MultipleWindowsTest@e7edb54]" started-at="2024-04-21T23:04:59 CEST" name="init" finished-at="2024-04-21T23:05:04 CEST" duration-ms="5410" status="PASS">
          <reporter-output>
          </reporter-output>
        </test-method> <!-- init -->
        <test-method is-config="true" signature="precondition()[pri:0, instance:com.herokuapp.tests.MultipleWindowsTest@e7edb54]" started-at="2024-04-21T23:05:04 CEST" name="precondition" finished-at="2024-04-21T23:05:04 CEST" duration-ms="467" status="PASS">
          <reporter-output>
          </reporter-output>
        </test-method> <!-- precondition -->
        <test-method signature="NewWindowsTest()[pri:0, instance:com.herokuapp.tests.MultipleWindowsTest@e7edb54]" started-at="2024-04-21T23:05:04 CEST" name="NewWindowsTest" finished-at="2024-04-21T23:05:05 CEST" duration-ms="605" status="PASS">
          <reporter-output>
          </reporter-output>
        </test-method> <!-- NewWindowsTest -->
        <test-method is-config="true" signature="tearDown()[pri:0, instance:com.herokuapp.tests.MultipleWindowsTest@e7edb54]" started-at="2024-04-21T23:05:05 CEST" name="tearDown" finished-at="2024-04-21T23:05:05 CEST" duration-ms="325" status="PASS">
          <reporter-output>
          </reporter-output>
        </test-method> <!-- tearDown -->
        <test-method is-config="true" signature="init()[pri:0, instance:com.herokuapp.tests.MultipleWindowsTest@e7edb54]" started-at="2024-04-21T23:05:05 CEST" name="init" finished-at="2024-04-21T23:05:10 CEST" duration-ms="4674" status="PASS">
          <reporter-output>
          </reporter-output>
        </test-method> <!-- init -->
        <test-method is-config="true" signature="precondition()[pri:0, instance:com.herokuapp.tests.MultipleWindowsTest@e7edb54]" started-at="2024-04-21T23:05:10 CEST" name="precondition" finished-at="2024-04-21T23:05:11 CEST" duration-ms="538" status="PASS">
          <reporter-output>
          </reporter-output>
        </test-method> <!-- precondition -->
        <test-method signature="OpeningNewWindow()[pri:0, instance:com.herokuapp.tests.MultipleWindowsTest@e7edb54]" started-at="2024-04-21T23:05:11 CEST" name="OpeningNewWindow" finished-at="2024-04-21T23:05:11 CEST" duration-ms="78" status="PASS">
          <reporter-output>
          </reporter-output>
        </test-method> <!-- OpeningNewWindow -->
        <test-method is-config="true" signature="tearDown()[pri:0, instance:com.herokuapp.tests.MultipleWindowsTest@e7edb54]" started-at="2024-04-21T23:05:11 CEST" name="tearDown" finished-at="2024-04-21T23:05:11 CEST" duration-ms="290" status="PASS">
          <reporter-output>
          </reporter-output>
        </test-method> <!-- tearDown -->
      </class> <!-- com.herokuapp.tests.MultipleWindowsTest -->
    </test> <!-- Smoky -->
  </suite> <!-- Smoky -->
</testng-results>
